<?xml version="1.0" encoding="UTF-8"?>
<testng-results ignored="0" total="1" passed="1" failed="0" skipped="0">
  <reporter-output>
  </reporter-output>
  <suite started-at="2022-05-06T04:56:47Z" name="Default suite" finished-at="2022-05-06T04:57:29Z" duration-ms="42509">
    <groups>
    </groups>
    <test started-at="2022-05-06T04:56:47Z" name="Default test" finished-at="2022-05-06T04:57:29Z" duration-ms="42509">
      <class name="Com.Pac.Login_To_Vtiger">
        <test-method signature="Login()[pri:0, instance:Com.Pac.Login_To_Vtiger@48d61b48]" started-at="2022-05-06T04:56:47Z" name="Login" finished-at="2022-05-06T04:57:29Z" duration-ms="42462" status="PASS">
          <reporter-output>
          </reporter-output>
        </test-method> <!-- Login -->
      </class> <!-- Com.Pac.Login_To_Vtiger -->
    </test> <!-- Default test -->
  </suite> <!-- Default suite -->
</testng-results>
